<?xml version="1.0" encoding="UTF-8"?>
<!-- Generated by org.testng.reporters.JUnitReportReporter -->
<testsuite hostname="DESKTOP-5M082F6" failures="0" tests="1" name="Runner.Runner" time="39.023" errors="0" timestamp="2025-02-25T12:01:20 IST" skipped="0">
  <testcase classname="Runner.Runner" name="runScenario" time="39.023"/>
  <system-out/>
</testsuite> <!-- Runner.Runner -->
