<?xml version="1.0" encoding="UTF-8"?>
<!-- Generated by org.testng.reporters.JUnitReportReporter -->
<testsuite hostname="DESKTOP-5M082F6" failures="0" tests="1" name="Runner.Runner" time="40.183" errors="0" timestamp="2025-02-25T01:31:35 IST" skipped="0">
  <testcase classname="Runner.Runner" name="runScenario" time="40.183"/>
  <system-out/>
</testsuite> <!-- Runner.Runner -->
